
================================================================================
The Numerical Methods team reserves its right to change your final score in case
anything suspicious is found in the source code.

Please refer to the course's guidelines for more info.
================================================================================

Task 1. Markov is coming...
---------------------------

[test_parse1]: 1p / 1p (OK)
[test_parse2]: 1p / 1p (OK)
[test_parse3]: 1p / 1p (OK)
[test_adj1]: 1p / 1p (OK)
[test_adj2]: 1p / 1p (OK)
[test_adj3]: 1p / 1p (OK)
[test_link1]: 1p / 1p (OK)
[test_link2]: 1p / 1p (OK)
[test_link3]: 1p / 1p (OK)
[test_Jacobi1]: 2p / 2p (OK)
[test_Jacobi2]: 2p / 2p (OK)
[test_Jacobi3]: 2p / 2p (OK)
[test_perform1]: 2p / 2p (OK)
[test_perform2]: 2p / 2p (OK)
[test_perform3]: 2p / 2p (OK)
[test_heuristic1]: 3p / 3p (OK)
[test_heuristic2]: 3p / 3p (OK)
[test_heuristic3]: 3p / 3p (OK)
[test_decode1]: 3p / 3p (OK)
[test_decode2]: 3p / 3p (OK)
[test_decode3]: 4p / 4p (OK)

=> TOTAL: 40p / 40p


Task 2. Linear Regression
-------------------------

[get_data1]: 1p / 1p (OK)
[get_data2]: 1p / 1p (OK)
[get_data3]: 1p / 1p (OK)
[get_data4]: 2p / 2p (OK)
[get_csv_data]: 2p / 2p (OK)
[prepare_data1]: 1p / 1p (OK)
[prepare_data2]: 1p / 1p (OK)
[prepare_data3]: 1p / 1p (OK)
[prepare_data4]: 2p / 2p (OK)
[prepare_csv_data]: 2p / 2p (OK)
[cost_function1]: 2p / 2p (OK)
[cost_function2]: 2p / 2p (OK)
[cost_function3]: 2p / 2p (OK)
[gradient_data]: 5p / 5p (OK)
[normal_eq_data1]: 2p / 2p (OK)
[normal_eq_data2]: 2p / 2p (OK)
[normal_eq_data3]: 3p / 3p (OK)
[lasso_function1]: 1p / 1p (OK)
[lasso_function2]: 1p / 1p (OK)
[lasso_function3]: 2p / 2p (OK)
[ridge_function1]: 1p / 1p (OK)
[ridge_function2]: 1p / 1p (OK)
[ridge_function3]: 2p / 2p (OK)

=> TOTAL: 40p / 40p


Task 3. MNIST 101
-----------------

[test_load1]: 1p / 1p (OK)
[test_load2]: 1p / 1p (OK)
[test_split1]: 0p / 2p (WA)
[test_split2]: 0p / 2p (WA)
[test_initialize1]: 0p / 2p (WA)
[test_initialize2]: 0p / 2p (WA)
[test_initialize3]: 0p / 3p (WA)
[test_cost1]: 0p / 2p (WA)
[test_cost2]: 0p / 2p (WA)
[test_cost3]: 0p / 3p (WA)
[test_predict1]: 0p / 10p (WA)
[test_predict2]: 0p / 10p (WA)

=> TOTAL: 2p / 40p

= = = = = = = = = = = = = = = = = = = = = = = = = = = = = = = = = = = = = = = = 
FINAL SCORE: 82p / 120p
= = = = = = = = = = = = = = = = = = = = = = = = = = = = = = = = = = = = = = = = 

